<?xml version="1.0" encoding="UTF-8"?>
<!-- Generated by org.testng.reporters.JUnitXMLReporter -->
<testsuite hostname="MACPRO45.local" ignored="4" name="All Tests" tests="9" failures="1" timestamp="03 Aug 2020 17:11:51 GMT" time="132.021" errors="0">
  <testcase name="verifyProductAddedToBasket" time="41.689" classname="testCases.BasketPageTest"/>
  <testcase name="verifyErrorMessageForBlankEmailID" time="8.616" classname="testCases.SignInPageTest"/>
  <testcase name="verifyErrorMessageForBlankPassword" time="12.07" classname="testCases.SignInPageTest"/>
  <testcase name="verifyErrorMessageForInvalidEmailID" time="9.034" classname="testCases.SignInPageTest"/>
  <testcase name="verifyErrorMessageForInvalidPassword" time="15.154" classname="testCases.SignInPageTest"/>
  <testcase name="verifyResetPasswordPage" time="12.178" classname="testCases.SignInPageTest"/>
  <testcase name="verifySuccessfulLogin" time="13.933" classname="testCases.SignInPageTest"/>
  <testcase name="verifySearchFieldDisplayed" time="1.592" classname="testCases.HomePageTest"/>
  <testcase name="verifySearchKeyword" time="5.404" classname="testCases.HomePageTest">
    <failure type="java.lang.AssertionError" message="expected [true] but found [false]">
      <![CDATA[java.lang.AssertionError: expected [true] but found [false]
at testCases.HomePageTest.verifySearchKeyword(HomePageTest.java:23)
... Removed 31 stack frames]]>
    </failure>
  </testcase> <!-- verifySearchKeyword -->
  <testcase name="@BeforeSuite extentReportInt" time="0.0" classname="baseTest.BaseUtils">
    <ignored/>
  </testcase> <!-- @BeforeSuite extentReportInt -->
  <testcase name="@BeforeSuite extentReportInt" time="0.0" classname="baseTest.BaseUtils">
    <ignored/>
  </testcase> <!-- @BeforeSuite extentReportInt -->
  <testcase name="@AfterSuite endReport" time="0.0" classname="baseTest.BaseUtils">
    <ignored/>
  </testcase> <!-- @AfterSuite endReport -->
  <testcase name="@AfterSuite endReport" time="0.0" classname="baseTest.BaseUtils">
    <ignored/>
  </testcase> <!-- @AfterSuite endReport -->
</testsuite> <!-- All Tests -->
