<?xml version="1.0" encoding="UTF-8"?>
<!-- Generated by org.testng.reporters.JUnitXMLReporter -->
<testsuite hostname="MACPRO45.local" ignored="2" name="test1" tests="7" failures="2" timestamp="05 Aug 2020 09:54:52 GMT" time="21.814" errors="0">
  <testcase name="@AfterMethod tearDown" time="0.003" classname="baseTest.BaseUtils">
    <failure type="java.io.IOException" message="ScreenCapture path cannot be null or empty.">
      <![CDATA[java.io.IOException: ScreenCapture path cannot be null or empty.
at com.aventstack.extentreports.MediaEntityBuilder.createScreenCaptureFromPath(MediaEntityBuilder.java:37)
at com.aventstack.extentreports.MediaEntityBuilder.createScreenCaptureFromPath(MediaEntityBuilder.java:43)
at baseTest.BaseUtils.tearDown(BaseUtils.java:66)
at java.util.concurrent.FutureTask.run(FutureTask.java:266)
at java.util.concurrent.ThreadPoolExecutor.runWorker(ThreadPoolExecutor.java:1149)
at java.util.concurrent.ThreadPoolExecutor$Worker.run(ThreadPoolExecutor.java:624)
at java.lang.Thread.run(Thread.java:748)
... Removed 19 stack frames]]>
    </failure>
  </testcase> <!-- @AfterMethod tearDown -->
  <testcase name="@AfterMethod tearDown" time="0.03" classname="baseTest.BaseUtils">
    <failure type="java.io.IOException" message="ScreenCapture path cannot be null or empty.">
      <![CDATA[java.io.IOException: ScreenCapture path cannot be null or empty.
at com.aventstack.extentreports.MediaEntityBuilder.createScreenCaptureFromPath(MediaEntityBuilder.java:37)
at com.aventstack.extentreports.MediaEntityBuilder.createScreenCaptureFromPath(MediaEntityBuilder.java:43)
at baseTest.BaseUtils.tearDown(BaseUtils.java:66)
at java.util.concurrent.FutureTask.run(FutureTask.java:266)
at java.util.concurrent.ThreadPoolExecutor.runWorker(ThreadPoolExecutor.java:1149)
at java.util.concurrent.ThreadPoolExecutor$Worker.run(ThreadPoolExecutor.java:624)
at java.lang.Thread.run(Thread.java:748)
... Removed 19 stack frames]]>
    </failure>
  </testcase> <!-- @AfterMethod tearDown -->
  <testcase name="@BeforeMethod setUpDriver" time="0.0" classname="baseTest.BaseUtils">
    <skipped/>
  </testcase> <!-- @BeforeMethod setUpDriver -->
  <testcase name="@AfterMethod tearDown" time="0.0" classname="baseTest.BaseUtils">
    <skipped/>
  </testcase> <!-- @AfterMethod tearDown -->
  <testcase name="@BeforeMethod setUpDriver" time="0.0" classname="baseTest.BaseUtils">
    <skipped/>
  </testcase> <!-- @BeforeMethod setUpDriver -->
  <testcase name="@AfterMethod tearDown" time="0.0" classname="baseTest.BaseUtils">
    <skipped/>
  </testcase> <!-- @AfterMethod tearDown -->
  <testcase name="@BeforeMethod setUpDriver" time="0.0" classname="baseTest.BaseUtils">
    <skipped/>
  </testcase> <!-- @BeforeMethod setUpDriver -->
  <testcase name="@AfterMethod tearDown" time="0.0" classname="baseTest.BaseUtils">
    <skipped/>
  </testcase> <!-- @AfterMethod tearDown -->
  <testcase name="@BeforeMethod setUpDriver" time="0.0" classname="baseTest.BaseUtils">
    <skipped/>
  </testcase> <!-- @BeforeMethod setUpDriver -->
  <testcase name="@AfterMethod tearDown" time="0.0" classname="baseTest.BaseUtils">
    <skipped/>
  </testcase> <!-- @AfterMethod tearDown -->
  <testcase name="@BeforeMethod setUpDriver" time="0.0" classname="baseTest.BaseUtils">
    <skipped/>
  </testcase> <!-- @BeforeMethod setUpDriver -->
  <testcase name="@AfterMethod tearDown" time="0.0" classname="baseTest.BaseUtils">
    <skipped/>
  </testcase> <!-- @AfterMethod tearDown -->
  <testcase name="verifyProductAddedToBasket" time="17.316" classname="testCases.BasketPageTest">
    <failure type="org.openqa.selenium.NoSuchSessionException" message="Session ID is null. Using WebDriver after calling quit()?
Build info: version: &amp;apos;3.14.0&amp;apos;, revision: &amp;apos;aacccce0&amp;apos;, time: &amp;apos;2018-08-02T20:19:58.91Z&amp;apos;
System info: host: &amp;apos;MACPRO45.local&amp;apos;, ip: &amp;apos;fe80:0:0:0:e3:5a13:7f6:3fbb%en0&amp;apos;, os.name: &amp;apos;Mac OS X&amp;apos;, os.arch: &amp;apos;x86_64&amp;apos;, os.version: &amp;apos;10.14.6&amp;apos;, java.version: &amp;apos;1.8.0_241&amp;apos;
Driver info: driver.version: RemoteWebDriver">
      <![CDATA[org.openqa.selenium.NoSuchSessionException: Session ID is null. Using WebDriver after calling quit()?
Build info: version: '3.14.0', revision: 'aacccce0', time: '2018-08-02T20:19:58.91Z'
System info: host: 'MACPRO45.local', ip: 'fe80:0:0:0:e3:5a13:7f6:3fbb%en0', os.name: 'Mac OS X', os.arch: 'x86_64', os.version: '10.14.6', java.version: '1.8.0_241'
Driver info: driver.version: RemoteWebDriver
at org.openqa.selenium.remote.HttpCommandExecutor.execute(HttpCommandExecutor.java:125)
at org.openqa.selenium.remote.service.DriverCommandExecutor.execute(DriverCommandExecutor.java:83)
at org.openqa.selenium.remote.RemoteWebDriver.execute(RemoteWebDriver.java:548)
at org.openqa.selenium.remote.RemoteWebDriver.findElement(RemoteWebDriver.java:322)
at org.openqa.selenium.remote.RemoteWebDriver.findElementByXPath(RemoteWebDriver.java:424)
at org.openqa.selenium.By$ByXPath.findElement(By.java:353)
at org.openqa.selenium.remote.RemoteWebDriver.findElement(RemoteWebDriver.java:314)
at org.openqa.selenium.support.pagefactory.DefaultElementLocator.findElement(DefaultElementLocator.java:69)
at org.openqa.selenium.support.pagefactory.internal.LocatingElementHandler.invoke(LocatingElementHandler.java:38)
at com.sun.proxy.$Proxy11.sendKeys(Unknown Source)
at pageObjects.SignInPage.enterPhone(SignInPage.java:68)
at testCases.BasketPageTest.verifyProductAddedToBasket(BasketPageTest.java:21)
at java.util.concurrent.FutureTask.run(FutureTask.java:266)
at java.util.concurrent.ThreadPoolExecutor.runWorker(ThreadPoolExecutor.java:1149)
at java.util.concurrent.ThreadPoolExecutor$Worker.run(ThreadPoolExecutor.java:624)
at java.lang.Thread.run(Thread.java:748)
... Removed 16 stack frames]]>
    </failure>
  </testcase> <!-- verifyProductAddedToBasket -->
  <testcase name="verifyErrorMessageForBlankEmailID" time="1.191" classname="testCases.SignInPageTest">
    <failure type="org.openqa.selenium.WebDriverException" message="unknown error: cannot determine loading status
from unknown error: cannot determine loading status
from disconnected: Unable to receive message from renderer
  (Session info: chrome=84.0.4147.105)
Build info: version: &amp;apos;3.14.0&amp;apos;, revision: &amp;apos;aacccce0&amp;apos;, time: &amp;apos;2018-08-02T20:19:58.91Z&amp;apos;
System info: host: &amp;apos;MACPRO45.local&amp;apos;, ip: &amp;apos;fe80:0:0:0:e3:5a13:7f6:3fbb%en0&amp;apos;, os.name: &amp;apos;Mac OS X&amp;apos;, os.arch: &amp;apos;x86_64&amp;apos;, os.version: &amp;apos;10.14.6&amp;apos;, java.version: &amp;apos;1.8.0_241&amp;apos;
Driver info: org.openqa.selenium.chrome.ChromeDriver
Capabilities {acceptInsecureCerts: false, browserName: chrome, browserVersion: 84.0.4147.105, chrome: {chromedriverVersion: 84.0.4147.30 (48b3e868b4cc0..., userDataDir: /var/folders/q5/74h2l9x107z...}, goog:chromeOptions: {debuggerAddress: localhost:59616}, javascriptEnabled: true, networkConnectionEnabled: false, pageLoadStrategy: normal, platform: MAC, platformName: MAC, proxy: Proxy(), setWindowRect: true, strictFileInteractability: false, timeouts: {implicit: 0, pageLoad: 300000, script: 30000}, unhandledPromptBehavior: dismiss and notify, webauthn:virtualAuthenticators: true}
Session ID: 5166609b6de7dc9eeb911327212c4172">
      <![CDATA[org.openqa.selenium.WebDriverException: unknown error: cannot determine loading status
from unknown error: cannot determine loading status
from disconnected: Unable to receive message from renderer
  (Session info: chrome=84.0.4147.105)
Build info: version: '3.14.0', revision: 'aacccce0', time: '2018-08-02T20:19:58.91Z'
System info: host: 'MACPRO45.local', ip: 'fe80:0:0:0:e3:5a13:7f6:3fbb%en0', os.name: 'Mac OS X', os.arch: 'x86_64', os.version: '10.14.6', java.version: '1.8.0_241'
Driver info: org.openqa.selenium.chrome.ChromeDriver
Capabilities {acceptInsecureCerts: false, browserName: chrome, browserVersion: 84.0.4147.105, chrome: {chromedriverVersion: 84.0.4147.30 (48b3e868b4cc0..., userDataDir: /var/folders/q5/74h2l9x107z...}, goog:chromeOptions: {debuggerAddress: localhost:59616}, javascriptEnabled: true, networkConnectionEnabled: false, pageLoadStrategy: normal, platform: MAC, platformName: MAC, proxy: Proxy(), setWindowRect: true, strictFileInteractability: false, timeouts: {implicit: 0, pageLoad: 300000, script: 30000}, unhandledPromptBehavior: dismiss and notify, webauthn:virtualAuthenticators: true}
Session ID: 5166609b6de7dc9eeb911327212c4172
at org.openqa.selenium.remote.http.W3CHttpResponseCodec.createException(W3CHttpResponseCodec.java:187)
at org.openqa.selenium.remote.http.W3CHttpResponseCodec.decode(W3CHttpResponseCodec.java:122)
at org.openqa.selenium.remote.http.W3CHttpResponseCodec.decode(W3CHttpResponseCodec.java:49)
at org.openqa.selenium.remote.HttpCommandExecutor.execute(HttpCommandExecutor.java:158)
at org.openqa.selenium.remote.service.DriverCommandExecutor.execute(DriverCommandExecutor.java:83)
at org.openqa.selenium.remote.RemoteWebDriver.execute(RemoteWebDriver.java:548)
at org.openqa.selenium.remote.RemoteWebDriver.get(RemoteWebDriver.java:276)
at pageObjects.HomePage.openHomePage(HomePage.java:73)
at testCases.SignInPageTest.verifyErrorMessageForBlankEmailID(SignInPageTest.java:37)
at java.util.concurrent.FutureTask.run(FutureTask.java:266)
at java.util.concurrent.ThreadPoolExecutor.runWorker(ThreadPoolExecutor.java:1149)
at java.util.concurrent.ThreadPoolExecutor$Worker.run(ThreadPoolExecutor.java:624)
at java.lang.Thread.run(Thread.java:748)
... Removed 20 stack frames]]>
    </failure>
  </testcase> <!-- verifyErrorMessageForBlankEmailID -->
  <testcase name="verifyErrorMessageForBlankPassword" time="0.0" classname="testCases.SignInPageTest">
    <skipped/>
  </testcase> <!-- verifyErrorMessageForBlankPassword -->
  <testcase name="verifyErrorMessageForInvalidEmailID" time="0.0" classname="testCases.SignInPageTest">
    <skipped/>
  </testcase> <!-- verifyErrorMessageForInvalidEmailID -->
  <testcase name="verifyErrorMessageForInvalidPassword" time="0.0" classname="testCases.SignInPageTest">
    <skipped/>
  </testcase> <!-- verifyErrorMessageForInvalidPassword -->
  <testcase name="verifyResetPasswordPage" time="0.0" classname="testCases.SignInPageTest">
    <skipped/>
  </testcase> <!-- verifyResetPasswordPage -->
  <testcase name="verifySuccessfulLogin" time="0.0" classname="testCases.SignInPageTest">
    <skipped/>
  </testcase> <!-- verifySuccessfulLogin -->
  <testcase name="@BeforeSuite extentReportInt" time="0.0" classname="baseTest.BaseUtils">
    <ignored/>
  </testcase> <!-- @BeforeSuite extentReportInt -->
  <testcase name="@AfterSuite endReport" time="0.0" classname="baseTest.BaseUtils">
    <ignored/>
  </testcase> <!-- @AfterSuite endReport -->
</testsuite> <!-- test1 -->
